{"/Users/dan/Workspaces/auto-mute/extension/AutoMuteExtension.js": {"path":"/Users/dan/Workspaces/auto-mute/extension/AutoMuteExtension.js","statementMap":{"0":{"start":{"line":26,"column":4},"end":{"line":26,"column":34}},"1":{"start":{"line":27,"column":4},"end":{"line":27,"column":46}},"2":{"start":{"line":28,"column":4},"end":{"line":28,"column":34}},"3":{"start":{"line":29,"column":4},"end":{"line":29,"column":38}},"4":{"start":{"line":30,"column":4},"end":{"line":30,"column":26}},"5":{"start":{"line":34,"column":4},"end":{"line":34,"column":43}},"6":{"start":{"line":36,"column":4},"end":{"line":44,"column":7}},"7":{"start":{"line":37,"column":6},"end":{"line":43,"column":7}},"8":{"start":{"line":38,"column":8},"end":{"line":38,"column":47}},"9":{"start":{"line":39,"column":8},"end":{"line":39,"column":59}},"10":{"start":{"line":40,"column":8},"end":{"line":40,"column":46}},"11":{"start":{"line":42,"column":8},"end":{"line":42,"column":30}},"12":{"start":{"line":46,"column":4},"end":{"line":56,"column":6}},"13":{"start":{"line":48,"column":8},"end":{"line":54,"column":9}},"14":{"start":{"line":49,"column":10},"end":{"line":49,"column":73}},"15":{"start":{"line":50,"column":10},"end":{"line":50,"column":73}},"16":{"start":{"line":51,"column":10},"end":{"line":51,"column":48}},"17":{"start":{"line":53,"column":10},"end":{"line":53,"column":32}},"18":{"start":{"line":58,"column":4},"end":{"line":67,"column":7}},"19":{"start":{"line":59,"column":6},"end":{"line":66,"column":7}},"20":{"start":{"line":60,"column":8},"end":{"line":63,"column":9}},"21":{"start":{"line":61,"column":10},"end":{"line":61,"column":72}},"22":{"start":{"line":62,"column":10},"end":{"line":62,"column":48}},"23":{"start":{"line":65,"column":8},"end":{"line":65,"column":30}},"24":{"start":{"line":69,"column":4},"end":{"line":75,"column":7}},"25":{"start":{"line":70,"column":6},"end":{"line":74,"column":7}},"26":{"start":{"line":71,"column":8},"end":{"line":71,"column":46}},"27":{"start":{"line":73,"column":8},"end":{"line":73,"column":30}},"28":{"start":{"line":77,"column":4},"end":{"line":83,"column":7}},"29":{"start":{"line":78,"column":6},"end":{"line":82,"column":7}},"30":{"start":{"line":79,"column":8},"end":{"line":79,"column":46}},"31":{"start":{"line":81,"column":8},"end":{"line":81,"column":30}},"32":{"start":{"line":85,"column":4},"end":{"line":91,"column":7}},"33":{"start":{"line":86,"column":6},"end":{"line":90,"column":7}},"34":{"start":{"line":87,"column":8},"end":{"line":87,"column":43}},"35":{"start":{"line":89,"column":8},"end":{"line":89,"column":30}},"36":{"start":{"line":93,"column":4},"end":{"line":106,"column":6}},"37":{"start":{"line":95,"column":8},"end":{"line":104,"column":9}},"38":{"start":{"line":96,"column":10},"end":{"line":100,"column":12}},"39":{"start":{"line":102,"column":10},"end":{"line":102,"column":32}},"40":{"start":{"line":103,"column":10},"end":{"line":103,"column":23}},"41":{"start":{"line":108,"column":4},"end":{"line":108,"column":59}},"42":{"start":{"line":109,"column":4},"end":{"line":109,"column":42}},"43":{"start":{"line":128,"column":4},"end":{"line":189,"column":5}},"44":{"start":{"line":130,"column":8},"end":{"line":138,"column":13}},"45":{"start":{"line":133,"column":12},"end":{"line":133,"column":36}},"46":{"start":{"line":136,"column":12},"end":{"line":136,"column":34}},"47":{"start":{"line":137,"column":12},"end":{"line":137,"column":29}},"48":{"start":{"line":139,"column":8},"end":{"line":139,"column":20}},"49":{"start":{"line":142,"column":8},"end":{"line":150,"column":13}},"50":{"start":{"line":145,"column":12},"end":{"line":145,"column":57}},"51":{"start":{"line":148,"column":12},"end":{"line":148,"column":34}},"52":{"start":{"line":149,"column":12},"end":{"line":149,"column":29}},"53":{"start":{"line":151,"column":8},"end":{"line":151,"column":20}},"54":{"start":{"line":154,"column":8},"end":{"line":162,"column":13}},"55":{"start":{"line":157,"column":12},"end":{"line":157,"column":37}},"56":{"start":{"line":160,"column":12},"end":{"line":160,"column":34}},"57":{"start":{"line":161,"column":12},"end":{"line":161,"column":29}},"58":{"start":{"line":163,"column":8},"end":{"line":163,"column":20}},"59":{"start":{"line":166,"column":8},"end":{"line":174,"column":13}},"60":{"start":{"line":169,"column":12},"end":{"line":169,"column":37}},"61":{"start":{"line":172,"column":12},"end":{"line":172,"column":34}},"62":{"start":{"line":173,"column":12},"end":{"line":173,"column":29}},"63":{"start":{"line":175,"column":8},"end":{"line":175,"column":20}},"64":{"start":{"line":178,"column":8},"end":{"line":180,"column":11}},"65":{"start":{"line":179,"column":10},"end":{"line":179,"column":42}},"66":{"start":{"line":181,"column":8},"end":{"line":181,"column":14}},"67":{"start":{"line":184,"column":8},"end":{"line":184,"column":61}},"68":{"start":{"line":185,"column":8},"end":{"line":185,"column":14}},"69":{"start":{"line":188,"column":8},"end":{"line":188,"column":37}},"70":{"start":{"line":191,"column":4},"end":{"line":191,"column":17}},"71":{"start":{"line":199,"column":4},"end":{"line":218,"column":5}},"72":{"start":{"line":201,"column":8},"end":{"line":201,"column":43}},"73":{"start":{"line":202,"column":8},"end":{"line":202,"column":14}},"74":{"start":{"line":204,"column":8},"end":{"line":204,"column":58}},"75":{"start":{"line":205,"column":8},"end":{"line":205,"column":14}},"76":{"start":{"line":207,"column":8},"end":{"line":207,"column":69}},"77":{"start":{"line":208,"column":8},"end":{"line":208,"column":14}},"78":{"start":{"line":210,"column":8},"end":{"line":210,"column":60}},"79":{"start":{"line":211,"column":8},"end":{"line":211,"column":14}},"80":{"start":{"line":213,"column":8},"end":{"line":213,"column":62}},"81":{"start":{"line":214,"column":8},"end":{"line":214,"column":14}},"82":{"start":{"line":216,"column":8},"end":{"line":216,"column":64}},"83":{"start":{"line":217,"column":8},"end":{"line":217,"column":14}},"84":{"start":{"line":220,"column":4},"end":{"line":220,"column":42}}},"fnMap":{"0":{"name":"(anonymous_0)","decl":{"start":{"line":19,"column":2},"end":{"line":19,"column":3}},"loc":{"start":{"line":25,"column":4},"end":{"line":31,"column":3}},"line":25},"1":{"name":"(anonymous_1)","decl":{"start":{"line":33,"column":2},"end":{"line":33,"column":3}},"loc":{"start":{"line":33,"column":16},"end":{"line":110,"column":3}},"line":33},"2":{"name":"(anonymous_2)","decl":{"start":{"line":36,"column":44},"end":{"line":36,"column":45}},"loc":{"start":{"line":36,"column":59},"end":{"line":44,"column":5}},"line":36},"3":{"name":"(anonymous_3)","decl":{"start":{"line":47,"column":6},"end":{"line":47,"column":7}},"loc":{"start":{"line":47,"column":42},"end":{"line":55,"column":7}},"line":47},"4":{"name":"(anonymous_4)","decl":{"start":{"line":58,"column":44},"end":{"line":58,"column":45}},"loc":{"start":{"line":58,"column":73},"end":{"line":67,"column":5}},"line":58},"5":{"name":"(anonymous_5)","decl":{"start":{"line":69,"column":46},"end":{"line":69,"column":47}},"loc":{"start":{"line":69,"column":58},"end":{"line":75,"column":5}},"line":69},"6":{"name":"(anonymous_6)","decl":{"start":{"line":77,"column":52},"end":{"line":77,"column":53}},"loc":{"start":{"line":77,"column":64},"end":{"line":83,"column":5}},"line":77},"7":{"name":"(anonymous_7)","decl":{"start":{"line":85,"column":48},"end":{"line":85,"column":49}},"loc":{"start":{"line":85,"column":67},"end":{"line":91,"column":5}},"line":85},"8":{"name":"(anonymous_8)","decl":{"start":{"line":94,"column":6},"end":{"line":94,"column":7}},"loc":{"start":{"line":94,"column":48},"end":{"line":105,"column":7}},"line":94},"9":{"name":"(anonymous_9)","decl":{"start":{"line":132,"column":16},"end":{"line":132,"column":17}},"loc":{"start":{"line":132,"column":27},"end":{"line":134,"column":11}},"line":132},"10":{"name":"(anonymous_10)","decl":{"start":{"line":135,"column":17},"end":{"line":135,"column":18}},"loc":{"start":{"line":135,"column":24},"end":{"line":138,"column":11}},"line":135},"11":{"name":"(anonymous_11)","decl":{"start":{"line":144,"column":16},"end":{"line":144,"column":17}},"loc":{"start":{"line":144,"column":27},"end":{"line":146,"column":11}},"line":144},"12":{"name":"(anonymous_12)","decl":{"start":{"line":147,"column":17},"end":{"line":147,"column":18}},"loc":{"start":{"line":147,"column":24},"end":{"line":150,"column":11}},"line":147},"13":{"name":"(anonymous_13)","decl":{"start":{"line":156,"column":16},"end":{"line":156,"column":17}},"loc":{"start":{"line":156,"column":28},"end":{"line":158,"column":11}},"line":156},"14":{"name":"(anonymous_14)","decl":{"start":{"line":159,"column":17},"end":{"line":159,"column":18}},"loc":{"start":{"line":159,"column":24},"end":{"line":162,"column":11}},"line":159},"15":{"name":"(anonymous_15)","decl":{"start":{"line":168,"column":16},"end":{"line":168,"column":17}},"loc":{"start":{"line":168,"column":28},"end":{"line":170,"column":11}},"line":168},"16":{"name":"(anonymous_16)","decl":{"start":{"line":171,"column":17},"end":{"line":171,"column":18}},"loc":{"start":{"line":171,"column":24},"end":{"line":174,"column":11}},"line":171},"17":{"name":"(anonymous_17)","decl":{"start":{"line":178,"column":51},"end":{"line":178,"column":52}},"loc":{"start":{"line":178,"column":57},"end":{"line":180,"column":9}},"line":178}},"branchMap":{"0":{"loc":{"start":{"line":60,"column":8},"end":{"line":63,"column":9}},"type":"if","locations":[{"start":{"line":60,"column":8},"end":{"line":63,"column":9}},{"start":{},"end":{}}],"line":60},"1":{"loc":{"start":{"line":128,"column":4},"end":{"line":189,"column":5}},"type":"switch","locations":[{"start":{"line":129,"column":6},"end":{"line":139,"column":20}},{"start":{"line":141,"column":6},"end":{"line":151,"column":20}},{"start":{"line":153,"column":6},"end":{"line":163,"column":20}},{"start":{"line":165,"column":6},"end":{"line":175,"column":20}},{"start":{"line":177,"column":6},"end":{"line":181,"column":14}},{"start":{"line":183,"column":6},"end":{"line":185,"column":14}},{"start":{"line":187,"column":6},"end":{"line":188,"column":37}}],"line":128},"2":{"loc":{"start":{"line":199,"column":4},"end":{"line":218,"column":5}},"type":"switch","locations":[{"start":{"line":200,"column":6},"end":{"line":202,"column":14}},{"start":{"line":203,"column":6},"end":{"line":205,"column":14}},{"start":{"line":206,"column":6},"end":{"line":208,"column":14}},{"start":{"line":209,"column":6},"end":{"line":211,"column":14}},{"start":{"line":212,"column":6},"end":{"line":214,"column":14}},{"start":{"line":215,"column":6},"end":{"line":217,"column":14}}],"line":199}},"s":{"0":1,"1":1,"2":1,"3":1,"4":1,"5":1,"6":1,"7":0,"8":0,"9":0,"10":0,"11":0,"12":1,"13":0,"14":0,"15":0,"16":0,"17":0,"18":1,"19":0,"20":0,"21":0,"22":0,"23":0,"24":1,"25":0,"26":0,"27":0,"28":1,"29":0,"30":0,"31":0,"32":1,"33":0,"34":0,"35":0,"36":1,"37":1,"38":1,"39":0,"40":0,"41":1,"42":1,"43":1,"44":0,"45":0,"46":0,"47":0,"48":0,"49":0,"50":0,"51":0,"52":0,"53":0,"54":0,"55":0,"56":0,"57":0,"58":0,"59":0,"60":0,"61":0,"62":0,"63":0,"64":0,"65":0,"66":0,"67":0,"68":0,"69":1,"70":1,"71":1,"72":1,"73":1,"74":0,"75":0,"76":0,"77":0,"78":0,"79":0,"80":0,"81":0,"82":0,"83":0,"84":1},"f":{"0":1,"1":1,"2":0,"3":0,"4":0,"5":0,"6":0,"7":0,"8":1,"9":0,"10":0,"11":0,"12":0,"13":0,"14":0,"15":0,"16":0,"17":0},"b":{"0":[0,0],"1":[0,0,0,0,0,0,1],"2":[1,0,0,0,0,0]},"_coverageSchema":"1a1c01bbd47fc00a2c39e90264f33305004495a9","hash":"4f25076a33b3efa2a3ce8f9eb63f8e9154beda8a"}
}
