TN:
SF:extension/AutoMuteExtension.js
FN:19,(anonymous_0)
FN:33,(anonymous_1)
FN:36,(anonymous_2)
FN:47,(anonymous_3)
FN:58,(anonymous_4)
FN:69,(anonymous_5)
FN:77,(anonymous_6)
FN:85,(anonymous_7)
FN:94,(anonymous_8)
FN:132,(anonymous_9)
FN:135,(anonymous_10)
FN:144,(anonymous_11)
FN:147,(anonymous_12)
FN:156,(anonymous_13)
FN:159,(anonymous_14)
FN:168,(anonymous_15)
FN:171,(anonymous_16)
FN:178,(anonymous_17)
FNF:18
FNH:3
FNDA:1,(anonymous_0)
FNDA:1,(anonymous_1)
FNDA:0,(anonymous_2)
FNDA:0,(anonymous_3)
FNDA:0,(anonymous_4)
FNDA:0,(anonymous_5)
FNDA:0,(anonymous_6)
FNDA:0,(anonymous_7)
FNDA:1,(anonymous_8)
FNDA:0,(anonymous_9)
FNDA:0,(anonymous_10)
FNDA:0,(anonymous_11)
FNDA:0,(anonymous_12)
FNDA:0,(anonymous_13)
FNDA:0,(anonymous_14)
FNDA:0,(anonymous_15)
FNDA:0,(anonymous_16)
FNDA:0,(anonymous_17)
DA:26,1
DA:27,1
DA:28,1
DA:29,1
DA:30,1
DA:34,1
DA:36,1
DA:37,0
DA:38,0
DA:39,0
DA:40,0
DA:42,0
DA:46,1
DA:48,0
DA:49,0
DA:50,0
DA:51,0
DA:53,0
DA:58,1
DA:59,0
DA:60,0
DA:61,0
DA:62,0
DA:65,0
DA:69,1
DA:70,0
DA:71,0
DA:73,0
DA:77,1
DA:78,0
DA:79,0
DA:81,0
DA:85,1
DA:86,0
DA:87,0
DA:89,0
DA:93,1
DA:95,1
DA:96,1
DA:102,0
DA:103,0
DA:108,1
DA:109,1
DA:128,1
DA:130,0
DA:133,0
DA:136,0
DA:137,0
DA:139,0
DA:142,0
DA:145,0
DA:148,0
DA:149,0
DA:151,0
DA:154,0
DA:157,0
DA:160,0
DA:161,0
DA:163,0
DA:166,0
DA:169,0
DA:172,0
DA:173,0
DA:175,0
DA:178,0
DA:179,0
DA:181,0
DA:184,0
DA:185,0
DA:188,1
DA:191,1
DA:199,1
DA:201,1
DA:202,1
DA:204,0
DA:205,0
DA:207,0
DA:208,0
DA:210,0
DA:211,0
DA:213,0
DA:214,0
DA:216,0
DA:217,0
DA:220,1
LF:85
LH:24
BRDA:60,0,0,0
BRDA:60,0,1,0
BRDA:128,1,0,0
BRDA:128,1,1,0
BRDA:128,1,2,0
BRDA:128,1,3,0
BRDA:128,1,4,0
BRDA:128,1,5,0
BRDA:128,1,6,1
BRDA:199,2,0,1
BRDA:199,2,1,0
BRDA:199,2,2,0
BRDA:199,2,3,0
BRDA:199,2,4,0
BRDA:199,2,5,0
BRF:15
BRH:2
end_of_record
